<?xml version='1.0' encoding='UTF-8'?>
<testsuite hostname="DESKTOP-I0RA9AK" name="StatisticsHelperTest" tests="2" errors="0" failures="0" skipped="0" time="0.037" timestamp="2020-10-22T18:09:22">
                     <properties>
[...]
</properties>
                     <testcase classname="StatisticsHelperTest" name="computeMedian" time="0.034">
                                                 
                                               </testcase><testcase classname="StatisticsHelperTest" name="computeAvg" time="0.003">
                                                 
                                               </testcase>
                     <system-out><![CDATA[]]></system-out>
                     <system-err><![CDATA[]]></system-err>
                   </testsuite>